<?xml version="1.0" encoding="UTF-8"?>
<testsuite name="com.example.demo.DemoApplicationTests" tests="1" skipped="0" failures="0" errors="0" timestamp="2024-09-22T20:34:00" hostname="BRSPPM-K24X66VHK9.local" time="0.955">
  <properties/>
  <testcase name="contextLoads()" classname="com.example.demo.DemoApplicationTests" time="0.955"/>
  <system-out><![CDATA[17:33:59.337 [Test worker] INFO org.springframework.test.context.support.AnnotationConfigContextLoaderUtils -- Could not detect default configuration classes for test class [com.example.demo.DemoApplicationTests]: DemoApplicationTests does not declare any static, non-private, non-final, nested classes annotated with @Configuration.
17:33:59.371 [Test worker] INFO org.springframework.boot.test.context.SpringBootTestContextBootstrapper -- Found @SpringBootConfiguration com.example.demo.DemoApplication for test class com.example.demo.DemoApplicationTests

  .   ____          _            __ _ _
 /\\ / ___'_ __ _ _(_)_ __  __ _ \ \ \ \
( ( )\___ | '_ | '_| | '_ \/ _` | \ \ \ \
 \\/  ___)| |_)| | | | | || (_| |  ) ) ) )
  '  |____| .__|_| |_|_| |_\__, | / / / /
 =========|_|==============|___/=/_/_/_/

 :: Spring Boot ::                (v3.3.4)

2024-09-22T17:33:59.496-03:00  INFO 40078 --- [demo] [    Test worker] com.example.demo.DemoApplicationTests    : Starting DemoApplicationTests using Java 17.0.9 with PID 40078 (started by ezequiel.reis in /Users/ezequiel.reis/Documents/demo 2)
2024-09-22T17:33:59.497-03:00  INFO 40078 --- [demo] [    Test worker] com.example.demo.DemoApplicationTests    : No active profile set, falling back to 1 default profile: "default"
2024-09-22T17:33:59.699-03:00  INFO 40078 --- [demo] [    Test worker] .s.d.r.c.RepositoryConfigurationDelegate : Bootstrapping Spring Data JPA repositories in DEFAULT mode.
2024-09-22T17:33:59.717-03:00  INFO 40078 --- [demo] [    Test worker] .s.d.r.c.RepositoryConfigurationDelegate : Finished Spring Data repository scanning in 15 ms. Found 1 JPA repository interface.
2024-09-22T17:33:59.875-03:00  INFO 40078 --- [demo] [    Test worker] o.hibernate.jpa.internal.util.LogHelper  : HHH000204: Processing PersistenceUnitInfo [name: default]
2024-09-22T17:33:59.892-03:00  INFO 40078 --- [demo] [    Test worker] org.hibernate.Version                    : HHH000412: Hibernate ORM core version 6.5.3.Final
2024-09-22T17:33:59.906-03:00  INFO 40078 --- [demo] [    Test worker] o.h.c.internal.RegionFactoryInitiator    : HHH000026: Second-level cache disabled
2024-09-22T17:34:00.007-03:00  INFO 40078 --- [demo] [    Test worker] o.s.o.j.p.SpringPersistenceUnitInfo      : No LoadTimeWeaver setup: ignoring JPA class transformer
2024-09-22T17:34:00.017-03:00  INFO 40078 --- [demo] [    Test worker] com.zaxxer.hikari.HikariDataSource       : HikariPool-1 - Starting...
2024-09-22T17:34:00.092-03:00  INFO 40078 --- [demo] [    Test worker] com.zaxxer.hikari.pool.HikariPool        : HikariPool-1 - Added connection org.postgresql.jdbc.PgConnection@4d825dbe
2024-09-22T17:34:00.093-03:00  INFO 40078 --- [demo] [    Test worker] com.zaxxer.hikari.HikariDataSource       : HikariPool-1 - Start completed.
2024-09-22T17:34:00.104-03:00  WARN 40078 --- [demo] [    Test worker] org.hibernate.orm.deprecation            : HHH90000025: PostgreSQLDialect does not need to be specified explicitly using 'hibernate.dialect' (remove the property setting and it will be selected by default)
2024-09-22T17:34:00.372-03:00  INFO 40078 --- [demo] [    Test worker] o.h.e.t.j.p.i.JtaPlatformInitiator       : HHH000489: No JTA platform available (set 'hibernate.transaction.jta.platform' to enable JTA platform integration)
Hibernate: 
    drop table if exists student cascade
2024-09-22T17:34:00.378-03:00  WARN 40078 --- [demo] [    Test worker] o.h.engine.jdbc.spi.SqlExceptionHelper   : SQL Warning Code: 0, SQLState: 00000
2024-09-22T17:34:00.378-03:00  WARN 40078 --- [demo] [    Test worker] o.h.engine.jdbc.spi.SqlExceptionHelper   : table "student" does not exist, skipping
Hibernate: 
    drop sequence if exists student_sequence
2024-09-22T17:34:00.378-03:00  WARN 40078 --- [demo] [    Test worker] o.h.engine.jdbc.spi.SqlExceptionHelper   : SQL Warning Code: 0, SQLState: 00000
2024-09-22T17:34:00.378-03:00  WARN 40078 --- [demo] [    Test worker] o.h.engine.jdbc.spi.SqlExceptionHelper   : sequence "student_sequence" does not exist, skipping
Hibernate: 
    create sequence student_sequence start with 1 increment by 1
Hibernate: 
    create table student (
        birth_date date,
        id bigint not null,
        email varchar(255),
        name varchar(255),
        primary key (id)
    )
2024-09-22T17:34:00.392-03:00  INFO 40078 --- [demo] [    Test worker] j.LocalContainerEntityManagerFactoryBean : Initialized JPA EntityManagerFactory for persistence unit 'default'
2024-09-22T17:34:00.559-03:00  WARN 40078 --- [demo] [    Test worker] JpaBaseConfiguration$JpaWebConfiguration : spring.jpa.open-in-view is enabled by default. Therefore, database queries may be performed during view rendering. Explicitly configure spring.jpa.open-in-view to disable this warning
2024-09-22T17:34:00.686-03:00  INFO 40078 --- [demo] [    Test worker] com.example.demo.DemoApplicationTests    : Started DemoApplicationTests in 1.267 seconds (process running for 1.693)
Hibernate: 
    select
        s1_0.id,
        s1_0.birth_date,
        s1_0.email,
        s1_0.name 
    from
        student s1_0 
    where
        s1_0.id=?
Hibernate: 
    select
        nextval('student_sequence')
Hibernate: 
    select
        s1_0.id,
        s1_0.birth_date,
        s1_0.email,
        s1_0.name 
    from
        student s1_0 
    where
        s1_0.id=?
Hibernate: 
    select
        nextval('student_sequence')
Hibernate: 
    insert 
    into
        student
        (birth_date, email, name, id) 
    values
        (?, ?, ?, ?)
Hibernate: 
    insert 
    into
        student
        (birth_date, email, name, id) 
    values
        (?, ?, ?, ?)
]]></system-out>
  <system-err><![CDATA[]]></system-err>
</testsuite>
